Determining if the pthread_create exist failed with the following output:
Change Dir: /home/yyj/catkin_ws/src/mg966r_joy/build/CMakeFiles/CMakeTmp

Run Build Command:"/usr/bin/make" "cmTC_9ef99/fast"
/usr/bin/make -f CMakeFiles/cmTC_9ef99.dir/build.make CMakeFiles/cmTC_9ef99.dir/build
make[1]: Entering directory '/home/yyj/catkin_ws/src/mg966r_joy/build/CMakeFiles/CMakeTmp'
Building C object CMakeFiles/cmTC_9ef99.dir/CheckSymbolExists.c.o
/usr/bin/gcc    -o CMakeFiles/cmTC_9ef99.dir/CheckSymbolExists.c.o   -c /home/yyj/catkin_ws/src/mg966r_joy/build/CMakeFiles/CMakeTmp/CheckSymbolExists.c
Linking C executable cmTC_9ef99
/usr/bin/cmake -E cmake_link_script CMakeFiles/cmTC_9ef99.dir/link.txt --verbose=1
/usr/bin/gcc      -rdynamic CMakeFiles/cmTC_9ef99.dir/CheckSymbolExists.c.o  -o cmTC_9ef99 
CMakeFiles/cmTC_9ef99.dir/CheckSymbolExists.c.o: In function `main':
CheckSymbolExists.c:(.text+0x1b): undefined reference to `pthread_create'
collect2: error: ld returned 1 exit status
CMakeFiles/cmTC_9ef99.dir/build.make:97: recipe for target 'cmTC_9ef99' failed
make[1]: *** [cmTC_9ef99] Error 1
make[1]: Leaving directory '/home/yyj/catkin_ws/src/mg966r_joy/build/CMakeFiles/CMakeTmp'
Makefile:126: recipe for target 'cmTC_9ef99/fast' failed
make: *** [cmTC_9ef99/fast] Error 2

File /home/yyj/catkin_ws/src/mg966r_joy/build/CMakeFiles/CMakeTmp/CheckSymbolExists.c:
/* */
#include <pthread.h>

int main(int argc, char** argv)
{
  (void)argv;
#ifndef pthread_create
  return ((int*)(&pthread_create))[argc];
#else
  (void)argc;
  return 0;
#endif
}

Determining if the function pthread_create exists in the pthreads failed with the following output:
Change Dir: /home/yyj/catkin_ws/src/mg966r_joy/build/CMakeFiles/CMakeTmp

Run Build Command:"/usr/bin/make" "cmTC_c0083/fast"
/usr/bin/make -f CMakeFiles/cmTC_c0083.dir/build.make CMakeFiles/cmTC_c0083.dir/build
make[1]: Entering directory '/home/yyj/catkin_ws/src/mg966r_joy/build/CMakeFiles/CMakeTmp'
Building C object CMakeFiles/cmTC_c0083.dir/CheckFunctionExists.c.o
/usr/bin/gcc   -DCHECK_FUNCTION_EXISTS=pthread_create   -o CMakeFiles/cmTC_c0083.dir/CheckFunctionExists.c.o   -c /usr/share/cmake-3.10/Modules/CheckFunctionExists.c
Linking C executable cmTC_c0083
/usr/bin/cmake -E cmake_link_script CMakeFiles/cmTC_c0083.dir/link.txt --verbose=1
/usr/bin/gcc  -DCHECK_FUNCTION_EXISTS=pthread_create    -rdynamic CMakeFiles/cmTC_c0083.dir/CheckFunctionExists.c.o  -o cmTC_c0083 -lpthreads 
/usr/bin/ld: cannot find -lpthreads
collect2: error: ld returned 1 exit status
CMakeFiles/cmTC_c0083.dir/build.make:97: recipe for target 'cmTC_c0083' failed
make[1]: *** [cmTC_c0083] Error 1
make[1]: Leaving directory '/home/yyj/catkin_ws/src/mg966r_joy/build/CMakeFiles/CMakeTmp'
Makefile:126: recipe for target 'cmTC_c0083/fast' failed
make: *** [cmTC_c0083/fast] Error 2


